<?xml version="1.0" encoding="UTF-8"?>
<testsuite name="CaptainsLogTest" tests="6" skipped="0" failures="0" errors="0" timestamp="2025-06-06T08:28:57" hostname="Fitas-MacBook-Air.local" time="0.033">
  <properties/>
  <testcase name="Generating a random stardate" classname="CaptainsLogTest" time="0.023"/>
  <testcase name="Generated stardates are valid" classname="CaptainsLogTest" time="0.001"/>
  <testcase name="Generated ship registry numbers are valid" classname="CaptainsLogTest" time="0.002"/>
  <testcase name="Generating a random ship registry number" classname="CaptainsLogTest" time="0.001"/>
  <testcase name="Generated planet classes are valid" classname="CaptainsLogTest" time="0.001"/>
  <testcase name="Generating a random planet class" classname="CaptainsLogTest" time="0.001"/>
  <system-out><![CDATA[]]></system-out>
  <system-err><![CDATA[]]></system-err>
</testsuite>
